<?xml version="1.0" encoding="UTF-8"?>
<testsuite name="edu.ncsu.csc326.coffeemaker.CoffeeMakerTest" tests="1" skipped="0" failures="0" errors="0" timestamp="2021-04-29T05:05:47" hostname="idea-PC" time="2.122">
  <properties/>
  <testcase name="test_Empty_Inventory_Make_Coffee" classname="edu.ncsu.csc326.coffeemaker.CoffeeMakerTest" time="2.122"/>
  <system-out><![CDATA[]]></system-out>
  <system-err><![CDATA[]]></system-err>
</testsuite>
