<?xml version="1.0" encoding="UTF-8"?>
<testsuite name="edu.ncsu.csc326.coffeemaker.CoffeeMakerTest" tests="1" skipped="0" failures="0" errors="0" timestamp="2021-04-30T09:29:16" hostname="idea-PC" time="1.616">
  <properties/>
  <testcase name="test_Not_Matching_Number_Make_Coffee" classname="edu.ncsu.csc326.coffeemaker.CoffeeMakerTest" time="1.616"/>
  <system-out><![CDATA[]]></system-out>
  <system-err><![CDATA[]]></system-err>
</testsuite>
