<?xml version="1.0" encoding="UTF-8"?>
<testsuite name="edu.ncsu.csc326.coffeemaker.CoffeeMakerTest" tests="1" skipped="0" failures="0" errors="0" timestamp="2021-05-02T09:52:00" hostname="idea-PC" time="1.649">
  <properties/>
  <testcase name="test_igridient2" classname="edu.ncsu.csc326.coffeemaker.CoffeeMakerTest" time="1.649"/>
  <system-out><![CDATA[]]></system-out>
  <system-err><![CDATA[]]></system-err>
</testsuite>
