<?xml version="1.0" encoding="UTF-8"?>
<testsuite name="edu.ncsu.csc326.coffeemaker.CoffeeMakerTest" tests="7" skipped="0" failures="0" errors="0" timestamp="2021-04-30T09:50:25" hostname="idea-PC" time="1.732">
  <properties/>
  <testcase name="test_Call3_Make_Coffee" classname="edu.ncsu.csc326.coffeemaker.CoffeeMakerTest" time="1.702"/>
  <testcase name="test_Surrender_Make_Coffee" classname="edu.ncsu.csc326.coffeemaker.CoffeeMakerTest" time="0.01"/>
  <testcase name="test_Make_Coffee0" classname="edu.ncsu.csc326.coffeemaker.CoffeeMakerTest" time="0.003"/>
  <testcase name="test_Not_Matching_Number_Make_Coffee" classname="edu.ncsu.csc326.coffeemaker.CoffeeMakerTest" time="0.001"/>
  <testcase name="test_With_Delivery_Make_Coffee" classname="edu.ncsu.csc326.coffeemaker.CoffeeMakerTest" time="0.003"/>
  <testcase name="test_Make_Coffee" classname="edu.ncsu.csc326.coffeemaker.CoffeeMakerTest" time="0.002"/>
  <testcase name="test_Empty_Inventory_Make_Coffee" classname="edu.ncsu.csc326.coffeemaker.CoffeeMakerTest" time="0.004"/>
  <system-out><![CDATA[]]></system-out>
  <system-err><![CDATA[]]></system-err>
</testsuite>
