<?xml version="1.0" encoding="UTF-8"?>
<testsuite name="Scenario: 2" tests="4" skipped="0" failures="0" errors="0" timestamp="2021-05-03T16:11:52" hostname="idea-PC" time="0.002">
  <properties/>
  <testcase name="Given I have eaten 5 cukes" classname="Scenario: 2" time="0.0"/>
  <testcase name="When I wait 2 hour" classname="Scenario: 2" time="0.0"/>
  <testcase name="Then my Belly should not growl" classname="Scenario: 2" time="0.0"/>
  <testcase name="classMethod" classname="Scenario: 2" time="0.004"/>
  <system-out><![CDATA[I'm eating 5 cukes!
I ate 5 cucumbers.
]]></system-out>
  <system-err><![CDATA[]]></system-err>
</testsuite>
