<?xml version="1.0" encoding="UTF-8"?>
<testsuite name="Scenario: 1" tests="4" skipped="0" failures="0" errors="0" timestamp="2021-05-03T16:11:52" hostname="idea-PC" time="0.012">
  <properties/>
  <testcase name="Given I have eaten 20 cukes" classname="Scenario: 1" time="0.003"/>
  <testcase name="When I wait 5 hour" classname="Scenario: 1" time="0.0"/>
  <testcase name="Then my Belly should growl" classname="Scenario: 1" time="0.0"/>
  <testcase name="classMethod" classname="Scenario: 1" time="0.392"/>
  <system-out><![CDATA[I'm eating 20 cukes!
I ate 20 cucumbers.
]]></system-out>
  <system-err><![CDATA[]]></system-err>
</testsuite>
