<?xml version="1.0" encoding="UTF-8"?>
<testsuite name="Scenario: Waiting State" tests="3" skipped="0" failures="0" errors="0" timestamp="2021-05-08T06:39:26" hostname="idea-PC" time="0.029">
  <properties/>
  <testcase name="Given Run CoffeeMaker" classname="Scenario: Waiting State" time="0.001"/>
  <testcase name="When Enter: 0" classname="Scenario: Waiting State" time="0.001"/>
  <testcase name="classMethod" classname="Scenario: Waiting State" time="0.826"/>
  <system-out><![CDATA[]]></system-out>
  <system-err><![CDATA[]]></system-err>
</testsuite>
