<?xml version="1.0" encoding="UTF-8"?>
<testsuite name="edu.ncsu.csc326.coffeemaker.RunCukesTest" tests="0" skipped="0" failures="0" errors="0" timestamp="1970-01-01T00:00:00" hostname="idea-PC" time="0.0">
  <properties/>
  <system-out><![CDATA[
?[33mUndefined scenarios:?[0m
?[33medu/ncsu/csc326/coffeemaker/CoffeeMaker.feature:17 ?[0m# Scenario: Flow of Events for the Waiting
?[33medu/ncsu/csc326/coffeemaker/CoffeeMaker.feature:58 ?[0m# Scenario: Add a Recipe

7 Scenarios (?[33m2 undefined?[0m, ?[32m5 passed?[0m)
8 Steps (?[33m2 undefined?[0m, ?[32m6 passed?[0m)
0m0,586s


You can implement missing steps with the snippets below:

@Then("^Available services in the main menu$")
public void available_services_in_the_main_menu(DataTable arg1) throws Throwable {
    // Write code here that turns the phrase above into concrete actions
    // For automatic transformation, change DataTable to one of
    // List<YourType>, List<List<E>>, List<Map<K,V>> or Map<K,V>.
    // E,K,V must be a scalar (String, Integer, Date, enum etc)
    throw new PendingException();
}

@Given("^an empty recipe book$")
public void an_empty_recipe_book() throws Throwable {
    // Write code here that turns the phrase above into concrete actions
    throw new PendingException();
}

]]></system-out>
  <system-err><![CDATA[]]></system-err>
</testsuite>
