<?xml version="1.0" encoding="UTF-8"?>
<testsuite name="Scenario: Edit a Recipe" tests="2" skipped="0" failures="0" errors="0" timestamp="2021-05-08T06:39:26" hostname="idea-PC" time="0.001">
  <properties/>
  <testcase name="Given a default recipe book" classname="Scenario: Edit a Recipe" time="0.0"/>
  <testcase name="classMethod" classname="Scenario: Edit a Recipe" time="0.002"/>
  <system-out><![CDATA[]]></system-out>
  <system-err><![CDATA[]]></system-err>
</testsuite>
