<?xml version="1.0" encoding="UTF-8"?>
<testsuite name="edu.ncsu.csc326.coffeemaker.RunCukesTest" tests="0" skipped="0" failures="0" errors="0" timestamp="1970-01-01T00:00:00" hostname="idea-PC" time="0.0">
  <properties/>
  <system-out><![CDATA[
?[33mUndefined scenarios:?[0m
?[33medu/ncsu/csc326/coffeemaker/CoffeeMaker.feature:69 ?[0m# Scenario: Add a Recipe

7 Scenarios (?[33m1 undefined?[0m, ?[32m6 passed?[0m)
8 Steps (?[33m1 undefined?[0m, ?[32m7 passed?[0m)
0m0,800s


You can implement missing steps with the snippets below:

@Given("^an empty recipe book$")
public void an_empty_recipe_book() throws Throwable {
    // Write code here that turns the phrase above into concrete actions
    throw new PendingException();
}

]]></system-out>
  <system-err><![CDATA[]]></system-err>
</testsuite>
